<?xml version="1.0" encoding="UTF-8"?>
<!-- Generated by org.testng.reporters.JUnitReportReporter -->
<testsuite skipped="0" hostname="PBLAP995" name="artoftesting.testCases.TC_ArtDemo" tests="1" failures="0" timestamp="31 Mar 2021 12:52:34 GMT" time="2.884" errors="0">
  <testcase name="Demo" time="2.884" classname="artoftesting.testCases.TC_ArtDemo"/>
</testsuite> <!-- artoftesting.testCases.TC_ArtDemo -->
